<?xml version="1.0" encoding="UTF-8"?>
<!-- Generated by org.testng.reporters.JUnitReportReporter -->
<testsuite hostname="Valyoo-PC" name="Scenario_Component.Scenario_Cart" tests="1" failures="0" timestamp="15 Dec 2016 09:53:52 GMT" time="61.179" errors="0">
  <testcase name="testDeleteCart" time="61.179" classname="Scenario_Component.Scenario_Cart"/>
</testsuite> <!-- Scenario_Component.Scenario_Cart -->
