<?xml version="1.0" encoding="UTF-8"?>
<!-- Generated by org.testng.reporters.JUnitReportReporter -->
<testsuite hostname="Valyoo-PC" name="Scenario_Component.Scenario_Search" tests="5" failures="0" timestamp="15 Dec 2016 09:53:52 GMT" time="223.821" errors="0">
  <testcase name="testInvalidSearch" time="47.140" classname="Scenario_Component.Scenario_Search"/>
  <testcase name="testValidSearch" time="50.161" classname="Scenario_Component.Scenario_Search"/>
  <testcase name="testValidSearch" time="43.853" classname="Scenario_Component.Scenario_Search"/>
  <testcase name="testInvalidSearch" time="37.534" classname="Scenario_Component.Scenario_Search"/>
  <testcase name="testValidSearch" time="45.133" classname="Scenario_Component.Scenario_Search"/>
</testsuite> <!-- Scenario_Component.Scenario_Search -->
